Server is running on port: 5500
connected to db!
/home/rvssn/website/index.html
served img: /home/rvssn/website/img/banner/start.jpg
served favicon.svg
served img: /home/rvssn/website/img/collection/Kleine Hexe Anzeige 2023.jpeg
served img: /home/rvssn/website/img/collection/20230226.jpg
served img: /home/rvssn/website/img/collection/JV-RVSSN.jpg
served img: /home/rvssn/website/img/collection/logo-blue_white1x1background.png
served img: /home/rvssn/website/img/collection/DSCF8047.JPG
served img: /home/rvssn/website/img/collection/DSCF7817.JPG
served img: /home/rvssn/website/img/collection/DSCF7987.JPG
served img: /home/rvssn/website/img/collection/IMG_9989.jpg
/home/rvssn/website/index.html
served img: /home/rvssn/website/img/banner/start.jpg
served favicon.svg
served img: /home/rvssn/website/img/collection/JV-RVSSN.jpg
served img: /home/rvssn/website/img/collection/logo-blue_white1x1background.png
served img: /home/rvssn/website/img/collection/DSCF8047.JPG
served img: /home/rvssn/website/img/collection/DSCF7817.JPG
served img: /home/rvssn/website/img/collection/DSCF7987.JPG
served img: /home/rvssn/website/img/collection/IMG_9989.jpg
served img: /home/rvssn/website/img/collection/Kleine Hexe Anzeige 2023.jpeg
served img: /home/rvssn/website/img/collection/20230226.jpg
Server is running on port: 5500
connected to db!
served favicon.svg
/home/rvssn/website/index.html
served img: /home/rvssn/website/img/banner/start.jpg
served img: /home/rvssn/website/img/collection/Kleine Hexe Anzeige 2023.jpeg
served img: /home/rvssn/website/img/collection/20230226.jpg
served img: /home/rvssn/website/img/collection/JV-RVSSN.jpg
served img: /home/rvssn/website/img/collection/logo-blue_white1x1background.png
served img: /home/rvssn/website/img/collection/DSCF8047.JPG
served img: /home/rvssn/website/img/collection/DSCF7817.JPG
served img: /home/rvssn/website/img/collection/DSCF7987.JPG
served img: /home/rvssn/website/img/collection/IMG_9989.jpg
served img: /home/rvssn/website/img/banner/about.jpg
Vereine des RVSSNs-1.pdf
Vereine%20des%20RVSSNs-1.pdf
https://rvssn.de/pdf/Vereine%20des%20RVSSNs-1.pdf
asked to serve: Vereine des RVSSNs-1.pdf
served img: /home/rvssn/website/img/banner/dates.jpg
served img: /home/rvssn/website/img/collection/DSC04461.jpg
served img: /home/rvssn/website/img/collection/DSCF8163.JPG
Terminplan RVSSN-Jugend 2023.pdf
Terminplan%20RVSSN-Jugend%202023.pdf
https://rvssn.de/pdf/Terminplan%20RVSSN-Jugend%202023.pdf
asked to serve: Terminplan RVSSN-Jugend 2023.pdf
served img: /home/rvssn/website/img/banner/contact.jpg
served img: /home/rvssn/website/img/collection/profilbild_timo_wacke.jpg
served img: /home/rvssn/website/img/collection/Kleine Hexe Anzeige 2023.jpeg
served img: /home/rvssn/website/img/collection/20230226.jpg
/home/rvssn/website/index.html
served img: /home/rvssn/website/img/banner/start.jpg
served favicon.svg
served img: /home/rvssn/website/img/collection/Kleine Hexe Anzeige 2023.jpeg
served img: /home/rvssn/website/img/collection/20230226.jpg
served img: /home/rvssn/website/img/collection/JV-RVSSN.jpg
served img: /home/rvssn/website/img/collection/logo-blue_white1x1background.png
served img: /home/rvssn/website/img/collection/DSCF8047.JPG
served img: /home/rvssn/website/img/collection/DSCF7817.JPG
served img: /home/rvssn/website/img/collection/DSCF7987.JPG
served img: /home/rvssn/website/img/collection/IMG_9989.jpg
/home/rvssn/website/index.html
served img: /home/rvssn/website/img/banner/start.jpg
served favicon.svg
served img: /home/rvssn/website/img/collection/Kleine Hexe Anzeige 2023.jpeg
served img: /home/rvssn/website/img/collection/20230226.jpg
served img: /home/rvssn/website/img/collection/JV-RVSSN.jpg
served img: /home/rvssn/website/img/collection/logo-blue_white1x1background.png
served img: /home/rvssn/website/img/collection/DSCF8047.JPG
served img: /home/rvssn/website/img/collection/DSCF7817.JPG
served img: /home/rvssn/website/img/collection/DSCF7987.JPG
served img: /home/rvssn/website/img/collection/IMG_9989.jpg
/home/rvssn/website/index.html
served img: /home/rvssn/website/img/banner/start.jpg
served favicon.svg
served img: /home/rvssn/website/img/collection/Kleine Hexe Anzeige 2023.jpeg
served img: /home/rvssn/website/img/collection/20230226.jpg
served img: /home/rvssn/website/img/collection/JV-RVSSN.jpg
served img: /home/rvssn/website/img/collection/logo-blue_white1x1background.png
served img: /home/rvssn/website/img/collection/DSCF8047.JPG
served img: /home/rvssn/website/img/collection/DSCF7987.JPG
served img: /home/rvssn/website/img/collection/IMG_9989.jpg
served img: /home/rvssn/website/img/collection/DSCF7817.JPG
