2023-11-05T14:40:06: PM2 log: ===============================================================================
2023-11-05T14:40:06: PM2 log: --- New PM2 Daemon started ----------------------------------------------------
2023-11-05T14:40:06: PM2 log: Time                 : Sun Nov 05 2023 14:40:06 GMT+0100 (Mitteleuropäische Normalzeit)
2023-11-05T14:40:06: PM2 log: PM2 version          : 5.2.2
2023-11-05T14:40:06: PM2 log: Node.js version      : 12.22.9
2023-11-05T14:40:06: PM2 log: Current arch         : x64
2023-11-05T14:40:06: PM2 log: PM2 home             : /home/rvssn/.pm2
2023-11-05T14:40:06: PM2 log: PM2 PID file         : /home/rvssn/.pm2/pm2.pid
2023-11-05T14:40:06: PM2 log: RPC socket file      : /home/rvssn/.pm2/rpc.sock
2023-11-05T14:40:06: PM2 log: BUS socket file      : /home/rvssn/.pm2/pub.sock
2023-11-05T14:40:06: PM2 log: Application log path : /home/rvssn/.pm2/logs
2023-11-05T14:40:06: PM2 log: Worker Interval      : 30000
2023-11-05T14:40:06: PM2 log: Process dump file    : /home/rvssn/.pm2/dump.pm2
2023-11-05T14:40:06: PM2 log: Concurrent actions   : 2
2023-11-05T14:40:06: PM2 log: SIGTERM timeout      : 1600
2023-11-05T14:40:06: PM2 log: ===============================================================================
2023-11-05T14:47:53: PM2 log: App [index:0] starting in -fork mode-
2023-11-05T14:47:53: PM2 log: App [index:0] online
2023-11-05T14:48:58: PM2 log: Stopping app:index id:0
2023-11-05T14:48:58: PM2 log: App [index:0] exited with code [0] via signal [SIGINT]
2023-11-05T14:48:58: PM2 log: pid=2642786 msg=process killed
2023-11-05T14:49:03: PM2 error: God db process id unknown
2023-11-05T14:53:16: PM2 log: App [index:0] starting in -fork mode-
2023-11-05T14:53:16: PM2 log: App [index:0] online
